app/build/intermediates/manifest_merge_blame_file/debug/processDebugMainManifest/manifest-merger-blame-debug-report.txt
1<?xml version="1.0" encoding="utf-8"?>
2<manifest xmlns:android="http://schemas.android.com/apk/res/android"
3    package="com.example.tenpm_hrm"
4    android:versionCode="1"
5    android:versionName="1.0" >
6
7    <uses-sdk
8        android:minSdkVersion="26"
9        android:targetSdkVersion="34" />
10
11    <uses-permission android:name="android.permission.ACCESS_FINE_LOCATION" />
<<<<<<< HEAD
11-->src\main\AndroidManifest.xml:5:5-79
11-->src\main\AndroidManifest.xml:5:22-76
12    <uses-permission android:name="android.permission.ACCESS_COARSE_LOCATION" />
12-->src\main\AndroidManifest.xml:6:5-81
12-->src\main\AndroidManifest.xml:6:22-78
13    <uses-permission android:name="android.permission.INTERNET" />
13-->src\main\AndroidManifest.xml:7:5-67
13-->src\main\AndroidManifest.xml:7:22-64
14
15    <permission
15-->[androidx.core:core:1.13.0] AndroidManifest.xml:22:5-24:47
16        android:name="com.example.tenpm_hrm.DYNAMIC_RECEIVER_NOT_EXPORTED_PERMISSION"
16-->[androidx.core:core:1.13.0] AndroidManifest.xml:23:9-81
17        android:protectionLevel="signature" />
17-->[androidx.core:core:1.13.0] AndroidManifest.xml:24:9-44
18
19    <uses-permission android:name="com.example.tenpm_hrm.DYNAMIC_RECEIVER_NOT_EXPORTED_PERMISSION" />
19-->[androidx.core:core:1.13.0] AndroidManifest.xml:26:5-97
19-->[androidx.core:core:1.13.0] AndroidManifest.xml:26:22-94
20
21    <application
21-->src\main\AndroidManifest.xml:9:5-246:19
22        android:allowBackup="true"
22-->src\main\AndroidManifest.xml:10:9-35
23        android:appComponentFactory="androidx.core.app.CoreComponentFactory"
23-->[androidx.core:core:1.13.0] AndroidManifest.xml:28:18-86
24        android:dataExtractionRules="@xml/data_extraction_rules"
24-->src\main\AndroidManifest.xml:11:9-65
25        android:debuggable="true"
26        android:extractNativeLibs="false"
27        android:fullBackupContent="@xml/backup_rules"
27-->src\main\AndroidManifest.xml:12:9-54
28        android:icon="@mipmap/ic_launcher"
28-->src\main\AndroidManifest.xml:13:9-43
29        android:label="@string/app_name"
29-->src\main\AndroidManifest.xml:14:9-41
30        android:roundIcon="@mipmap/ic_launcher_round"
30-->src\main\AndroidManifest.xml:15:9-54
31        android:supportsRtl="true"
31-->src\main\AndroidManifest.xml:16:9-35
32        android:testOnly="true"
33        android:theme="@style/Theme.TENPM_HRM" >
33-->src\main\AndroidManifest.xml:17:9-47
34        <activity
34-->src\main\AndroidManifest.xml:19:9-21:40
35            android:name="com.example.tenpm_hrm.OTP"
35-->src\main\AndroidManifest.xml:20:13-32
36            android:exported="false" />
36-->src\main\AndroidManifest.xml:21:13-37
37        <activity
37-->src\main\AndroidManifest.xml:22:9-24:40
38            android:name="com.example.tenpm_hrm.forgotPassword"
38-->src\main\AndroidManifest.xml:23:13-43
39            android:exported="false" />
39-->src\main\AndroidManifest.xml:24:13-37
40        <activity
40-->src\main\AndroidManifest.xml:25:9-27:40
41            android:name="com.example.tenpm_hrm.UpdateFacility"
41-->src\main\AndroidManifest.xml:26:13-43
42            android:exported="false" />
42-->src\main\AndroidManifest.xml:27:13-37
43        <activity
43-->src\main\AndroidManifest.xml:28:9-36:20
44            android:name="com.example.tenpm_hrm.MainActivity"
44-->src\main\AndroidManifest.xml:29:13-41
45            android:exported="true" >
45-->src\main\AndroidManifest.xml:30:13-36
46            <intent-filter>
46-->src\main\AndroidManifest.xml:31:13-35:29
47                <action android:name="android.intent.action.MAIN" />
47-->src\main\AndroidManifest.xml:32:17-69
47-->src\main\AndroidManifest.xml:32:25-66
48
49                <category android:name="android.intent.category.LAUNCHER" />
49-->src\main\AndroidManifest.xml:34:17-77
49-->src\main\AndroidManifest.xml:34:27-74
50            </intent-filter>
51        </activity> <!-- yeucau -->
52        <activity
52-->src\main\AndroidManifest.xml:37:9-45:20
53            android:name="com.example.tenpm_hrm.RequestManagementClient"
53-->src\main\AndroidManifest.xml:38:13-52
54            android:exported="true" >
54-->src\main\AndroidManifest.xml:39:13-36
55            <intent-filter>
55-->src\main\AndroidManifest.xml:31:13-35:29
56                <action android:name="android.intent.action.MAIN" />
56-->src\main\AndroidManifest.xml:32:17-69
56-->src\main\AndroidManifest.xml:32:25-66
57
58                <category android:name="android.intent.category.LAUNCHER" />
58-->src\main\AndroidManifest.xml:34:17-77
58-->src\main\AndroidManifest.xml:34:27-74
59            </intent-filter>
60        </activity>
61        <activity
61-->src\main\AndroidManifest.xml:46:9-54:20
62            android:name="com.example.tenpm_hrm.NewRequest"
62-->src\main\AndroidManifest.xml:47:13-39
63            android:exported="true" >
63-->src\main\AndroidManifest.xml:48:13-36
64            <intent-filter>
64-->src\main\AndroidManifest.xml:31:13-35:29
65                <action android:name="android.intent.action.MAIN" />
65-->src\main\AndroidManifest.xml:32:17-69
65-->src\main\AndroidManifest.xml:32:25-66
66
67                <category android:name="android.intent.category.LAUNCHER" />
67-->src\main\AndroidManifest.xml:34:17-77
67-->src\main\AndroidManifest.xml:34:27-74
68            </intent-filter>
69        </activity>
70        <activity
70-->src\main\AndroidManifest.xml:55:9-63:20
71            android:name="com.example.tenpm_hrm.RequestManagementAdmin"
71-->src\main\AndroidManifest.xml:56:13-51
72            android:exported="true" >
72-->src\main\AndroidManifest.xml:57:13-36
73            <intent-filter>
73-->src\main\AndroidManifest.xml:31:13-35:29
74                <action android:name="android.intent.action.MAIN" />
74-->src\main\AndroidManifest.xml:32:17-69
74-->src\main\AndroidManifest.xml:32:25-66
75
76                <category android:name="android.intent.category.LAUNCHER" />
76-->src\main\AndroidManifest.xml:34:17-77
76-->src\main\AndroidManifest.xml:34:27-74
77            </intent-filter>
78        </activity> <!-- chamcong -->
79        <activity
79-->src\main\AndroidManifest.xml:64:9-72:20
80            android:name="com.example.tenpm_hrm.attendance.AttendanceDetails"
80-->src\main\AndroidManifest.xml:65:13-57
81            android:exported="true" >
81-->src\main\AndroidManifest.xml:66:13-36
82            <intent-filter>
82-->src\main\AndroidManifest.xml:31:13-35:29
83                <action android:name="android.intent.action.MAIN" />
83-->src\main\AndroidManifest.xml:32:17-69
83-->src\main\AndroidManifest.xml:32:25-66
84
85                <category android:name="android.intent.category.LAUNCHER" />
85-->src\main\AndroidManifest.xml:34:17-77
85-->src\main\AndroidManifest.xml:34:27-74
86            </intent-filter>
87        </activity>
88        <activity
88-->src\main\AndroidManifest.xml:73:9-81:20
89            android:name="com.example.tenpm_hrm.attendance.AttendanceManagement"
89-->src\main\AndroidManifest.xml:74:13-60
90            android:exported="true" >
90-->src\main\AndroidManifest.xml:75:13-36
91            <intent-filter>
91-->src\main\AndroidManifest.xml:31:13-35:29
92                <action android:name="android.intent.action.MAIN" />
92-->src\main\AndroidManifest.xml:32:17-69
92-->src\main\AndroidManifest.xml:32:25-66
93
94                <category android:name="android.intent.category.LAUNCHER" />
94-->src\main\AndroidManifest.xml:34:17-77
94-->src\main\AndroidManifest.xml:34:27-74
95            </intent-filter>
96        </activity> <!-- phongban -->
97        <activity
97-->src\main\AndroidManifest.xml:82:9-90:20
98            android:name="com.example.tenpm_hrm.DepartmentManagement"
98-->src\main\AndroidManifest.xml:83:13-49
99            android:exported="true" >
99-->src\main\AndroidManifest.xml:84:13-36
100            <intent-filter>
100-->src\main\AndroidManifest.xml:31:13-35:29
101                <action android:name="android.intent.action.MAIN" />
101-->src\main\AndroidManifest.xml:32:17-69
101-->src\main\AndroidManifest.xml:32:25-66
102
103                <category android:name="android.intent.category.LAUNCHER" />
103-->src\main\AndroidManifest.xml:34:17-77
103-->src\main\AndroidManifest.xml:34:27-74
104            </intent-filter>
105        </activity>
106        <activity
106-->src\main\AndroidManifest.xml:91:9-99:20
107            android:name="com.example.tenpm_hrm.NewDepartment"
107-->src\main\AndroidManifest.xml:92:13-42
108            android:exported="true" >
108-->src\main\AndroidManifest.xml:93:13-36
109            <intent-filter>
109-->src\main\AndroidManifest.xml:31:13-35:29
110                <action android:name="android.intent.action.MAIN" />
110-->src\main\AndroidManifest.xml:32:17-69
110-->src\main\AndroidManifest.xml:32:25-66
111
112                <category android:name="android.intent.category.LAUNCHER" />
112-->src\main\AndroidManifest.xml:34:17-77
112-->src\main\AndroidManifest.xml:34:27-74
113            </intent-filter>
114        </activity> <!-- csvc -->
115        <activity
115-->src\main\AndroidManifest.xml:100:9-108:20
116            android:name="com.example.tenpm_hrm.CSVCManagement"
116-->src\main\AndroidManifest.xml:101:13-43
117            android:exported="true" >
117-->src\main\AndroidManifest.xml:102:13-36
118            <intent-filter>
118-->src\main\AndroidManifest.xml:31:13-35:29
119                <action android:name="android.intent.action.MAIN" />
119-->src\main\AndroidManifest.xml:32:17-69
119-->src\main\AndroidManifest.xml:32:25-66
120
121                <category android:name="android.intent.category.LAUNCHER" />
121-->src\main\AndroidManifest.xml:34:17-77
121-->src\main\AndroidManifest.xml:34:27-74
122            </intent-filter>
123        </activity>
124        <activity
124-->src\main\AndroidManifest.xml:109:9-117:20
125            android:name="com.example.tenpm_hrm.NewCSVC"
125-->src\main\AndroidManifest.xml:110:13-36
126            android:exported="true" >
126-->src\main\AndroidManifest.xml:111:13-36
127            <intent-filter>
127-->src\main\AndroidManifest.xml:31:13-35:29
128                <action android:name="android.intent.action.MAIN" />
128-->src\main\AndroidManifest.xml:32:17-69
128-->src\main\AndroidManifest.xml:32:25-66
129
130                <category android:name="android.intent.category.LAUNCHER" />
130-->src\main\AndroidManifest.xml:34:17-77
130-->src\main\AndroidManifest.xml:34:27-74
131            </intent-filter>
132        </activity>
133        <activity
133-->src\main\AndroidManifest.xml:118:9-126:20
134            android:name="com.example.tenpm_hrm.SearchFacilities"
134-->src\main\AndroidManifest.xml:119:13-45
135            android:exported="true" >
135-->src\main\AndroidManifest.xml:120:13-36
136            <intent-filter>
136-->src\main\AndroidManifest.xml:31:13-35:29
137                <action android:name="android.intent.action.MAIN" />
137-->src\main\AndroidManifest.xml:32:17-69
137-->src\main\AndroidManifest.xml:32:25-66
138
139                <category android:name="android.intent.category.LAUNCHER" />
139-->src\main\AndroidManifest.xml:34:17-77
139-->src\main\AndroidManifest.xml:34:27-74
140            </intent-filter>
141        </activity>
142        <!-- taikhoan -->
143        <activity
143-->src\main\AndroidManifest.xml:128:9-136:20
144            android:name="com.example.tenpm_hrm.AccountManagement"
144-->src\main\AndroidManifest.xml:129:13-46
145            android:exported="true" >
145-->src\main\AndroidManifest.xml:130:13-36
146            <intent-filter>
146-->src\main\AndroidManifest.xml:31:13-35:29
147                <action android:name="android.intent.action.MAIN" />
147-->src\main\AndroidManifest.xml:32:17-69
147-->src\main\AndroidManifest.xml:32:25-66
148
149                <category android:name="android.intent.category.LAUNCHER" />
149-->src\main\AndroidManifest.xml:34:17-77
149-->src\main\AndroidManifest.xml:34:27-74
150            </intent-filter>
151        </activity>
152        <activity
152-->src\main\AndroidManifest.xml:137:9-145:20
153            android:name="com.example.tenpm_hrm.NewAccount"
153-->src\main\AndroidManifest.xml:138:13-39
154            android:exported="true" >
154-->src\main\AndroidManifest.xml:139:13-36
155            <intent-filter>
155-->src\main\AndroidManifest.xml:31:13-35:29
156                <action android:name="android.intent.action.MAIN" />
156-->src\main\AndroidManifest.xml:32:17-69
156-->src\main\AndroidManifest.xml:32:25-66
157
158                <category android:name="android.intent.category.LAUNCHER" />
158-->src\main\AndroidManifest.xml:34:17-77
158-->src\main\AndroidManifest.xml:34:27-74
159            </intent-filter>
160        </activity> <!-- nhanvien -->
161        <activity
161-->src\main\AndroidManifest.xml:146:9-154:20
162            android:name="com.example.tenpm_hrm.EmployeeManagement"
162-->src\main\AndroidManifest.xml:147:13-47
163            android:exported="true" >
163-->src\main\AndroidManifest.xml:148:13-36
164            <intent-filter>
164-->src\main\AndroidManifest.xml:31:13-35:29
165                <action android:name="android.intent.action.MAIN" />
165-->src\main\AndroidManifest.xml:32:17-69
165-->src\main\AndroidManifest.xml:32:25-66
166
167                <category android:name="android.intent.category.LAUNCHER" />
167-->src\main\AndroidManifest.xml:34:17-77
167-->src\main\AndroidManifest.xml:34:27-74
168            </intent-filter>
169        </activity>
170        <activity
170-->src\main\AndroidManifest.xml:155:9-163:20
171            android:name="com.example.tenpm_hrm.NewEmployee"
171-->src\main\AndroidManifest.xml:156:13-40
172            android:exported="true" >
172-->src\main\AndroidManifest.xml:157:13-36
173            <intent-filter>
173-->src\main\AndroidManifest.xml:31:13-35:29
174                <action android:name="android.intent.action.MAIN" />
174-->src\main\AndroidManifest.xml:32:17-69
174-->src\main\AndroidManifest.xml:32:25-66
175
176                <category android:name="android.intent.category.LAUNCHER" />
176-->src\main\AndroidManifest.xml:34:17-77
176-->src\main\AndroidManifest.xml:34:27-74
177            </intent-filter>
178        </activity> <!-- homepage -->
179        <activity
179-->src\main\AndroidManifest.xml:164:9-172:20
180            android:name="com.example.tenpm_hrm.HomePageClient"
180-->src\main\AndroidManifest.xml:165:13-43
181            android:exported="true" >
181-->src\main\AndroidManifest.xml:166:13-36
182            <intent-filter>
182-->src\main\AndroidManifest.xml:31:13-35:29
183                <action android:name="android.intent.action.MAIN" />
183-->src\main\AndroidManifest.xml:32:17-69
183-->src\main\AndroidManifest.xml:32:25-66
184
185                <category android:name="android.intent.category.LAUNCHER" />
185-->src\main\AndroidManifest.xml:34:17-77
185-->src\main\AndroidManifest.xml:34:27-74
186            </intent-filter>
187        </activity>
188        <activity
188-->src\main\AndroidManifest.xml:173:9-181:20
189            android:name="com.example.tenpm_hrm.HomepageAdmin"
189-->src\main\AndroidManifest.xml:174:13-42
190            android:exported="true" >
190-->src\main\AndroidManifest.xml:175:13-36
191            <intent-filter>
191-->src\main\AndroidManifest.xml:31:13-35:29
192                <action android:name="android.intent.action.MAIN" />
192-->src\main\AndroidManifest.xml:32:17-69
192-->src\main\AndroidManifest.xml:32:25-66
193
194                <category android:name="android.intent.category.LAUNCHER" />
194-->src\main\AndroidManifest.xml:34:17-77
194-->src\main\AndroidManifest.xml:34:27-74
195            </intent-filter>
196        </activity> <!-- project -->
197        <activity
197-->src\main\AndroidManifest.xml:182:9-190:20
198            android:name="com.example.tenpm_hrm.ProjectManagement"
198-->src\main\AndroidManifest.xml:183:13-46
199            android:exported="true" >
199-->src\main\AndroidManifest.xml:184:13-36
200            <intent-filter>
200-->src\main\AndroidManifest.xml:31:13-35:29
201                <action android:name="android.intent.action.MAIN" />
201-->src\main\AndroidManifest.xml:32:17-69
201-->src\main\AndroidManifest.xml:32:25-66
202
203                <category android:name="android.intent.category.LAUNCHER" />
203-->src\main\AndroidManifest.xml:34:17-77
203-->src\main\AndroidManifest.xml:34:27-74
204            </intent-filter>
205        </activity>
206        <activity
206-->src\main\AndroidManifest.xml:191:9-199:20
207            android:name="com.example.tenpm_hrm.NewProject"
207-->src\main\AndroidManifest.xml:192:13-39
208            android:exported="true" >
208-->src\main\AndroidManifest.xml:193:13-36
209            <intent-filter>
209-->src\main\AndroidManifest.xml:31:13-35:29
210                <action android:name="android.intent.action.MAIN" />
210-->src\main\AndroidManifest.xml:32:17-69
210-->src\main\AndroidManifest.xml:32:25-66
211
212                <category android:name="android.intent.category.LAUNCHER" />
212-->src\main\AndroidManifest.xml:34:17-77
212-->src\main\AndroidManifest.xml:34:27-74
213            </intent-filter>
214        </activity>
215        <activity
215-->src\main\AndroidManifest.xml:200:9-208:20
216            android:name="com.example.tenpm_hrm.UpdateProject"
216-->src\main\AndroidManifest.xml:201:13-42
217            android:exported="true" >
217-->src\main\AndroidManifest.xml:202:13-36
218            <intent-filter>
218-->src\main\AndroidManifest.xml:31:13-35:29
219                <action android:name="android.intent.action.MAIN" />
219-->src\main\AndroidManifest.xml:32:17-69
219-->src\main\AndroidManifest.xml:32:25-66
220
221                <category android:name="android.intent.category.LAUNCHER" />
221-->src\main\AndroidManifest.xml:34:17-77
221-->src\main\AndroidManifest.xml:34:27-74
222            </intent-filter>
223        </activity>
224        <activity
224-->src\main\AndroidManifest.xml:209:9-217:20
225            android:name="com.example.tenpm_hrm.SearchProject"
225-->src\main\AndroidManifest.xml:210:13-42
226            android:exported="true" >
226-->src\main\AndroidManifest.xml:211:13-36
227            <intent-filter>
227-->src\main\AndroidManifest.xml:31:13-35:29
228                <action android:name="android.intent.action.MAIN" />
228-->src\main\AndroidManifest.xml:32:17-69
228-->src\main\AndroidManifest.xml:32:25-66
229
230                <category android:name="android.intent.category.LAUNCHER" />
230-->src\main\AndroidManifest.xml:34:17-77
230-->src\main\AndroidManifest.xml:34:27-74
231            </intent-filter>
232        </activity> <!-- employee info -->
233        <activity
233-->src\main\AndroidManifest.xml:218:9-226:20
234            android:name="com.example.tenpm_hrm.EmployeeInfo"
234-->src\main\AndroidManifest.xml:219:13-41
235            android:exported="true" >
235-->src\main\AndroidManifest.xml:220:13-36
236            <intent-filter>
236-->src\main\AndroidManifest.xml:31:13-35:29
237                <action android:name="android.intent.action.MAIN" />
237-->src\main\AndroidManifest.xml:32:17-69
237-->src\main\AndroidManifest.xml:32:25-66
238
239                <category android:name="android.intent.category.LAUNCHER" />
239-->src\main\AndroidManifest.xml:34:17-77
239-->src\main\AndroidManifest.xml:34:27-74
240            </intent-filter>
241        </activity> <!-- login -->
242        <activity
242-->src\main\AndroidManifest.xml:227:9-235:20
243            android:name="com.example.tenpm_hrm.Login"
243-->src\main\AndroidManifest.xml:228:13-34
244            android:exported="true" >
244-->src\main\AndroidManifest.xml:229:13-36
245            <intent-filter>
245-->src\main\AndroidManifest.xml:31:13-35:29
246                <action android:name="android.intent.action.MAIN" />
246-->src\main\AndroidManifest.xml:32:17-69
246-->src\main\AndroidManifest.xml:32:25-66
247
248                <category android:name="android.intent.category.LAUNCHER" />
248-->src\main\AndroidManifest.xml:34:17-77
248-->src\main\AndroidManifest.xml:34:27-74
249            </intent-filter>
250        </activity>
251        <activity
251-->src\main\AndroidManifest.xml:237:9-244:20
252            android:name="com.example.tenpm_hrm.ChangeEmployeeInformation"
252-->src\main\AndroidManifest.xml:237:19-60
253            android:exported="true" >
253-->src\main\AndroidManifest.xml:238:13-36
254            <intent-filter>
254-->src\main\AndroidManifest.xml:31:13-35:29
255                <action android:name="android.intent.action.MAIN" />
255-->src\main\AndroidManifest.xml:32:17-69
255-->src\main\AndroidManifest.xml:32:25-66
256
257                <category android:name="android.intent.category.LAUNCHER" />
257-->src\main\AndroidManifest.xml:34:17-77
257-->src\main\AndroidManifest.xml:34:27-74
258            </intent-filter>
259        </activity>
260        <activity
260-->[com.google.android.gms:play-services-base:18.5.0] AndroidManifest.xml:5:9-173
261            android:name="com.google.android.gms.common.api.GoogleApiActivity"
261-->[com.google.android.gms:play-services-base:18.5.0] AndroidManifest.xml:5:19-85
262            android:exported="false"
262-->[com.google.android.gms:play-services-base:18.5.0] AndroidManifest.xml:5:146-170
263            android:theme="@android:style/Theme.Translucent.NoTitleBar" />
263-->[com.google.android.gms:play-services-base:18.5.0] AndroidManifest.xml:5:86-145
264
265        <meta-data
265-->[com.google.android.gms:play-services-basement:18.4.0] AndroidManifest.xml:6:9-122
266            android:name="com.google.android.gms.version"
266-->[com.google.android.gms:play-services-basement:18.4.0] AndroidManifest.xml:6:20-65
267            android:value="@integer/google_play_services_version" />
267-->[com.google.android.gms:play-services-basement:18.4.0] AndroidManifest.xml:6:66-119
268
269        <provider
269-->[androidx.emoji2:emoji2:1.3.0] AndroidManifest.xml:24:9-32:20
270            android:name="androidx.startup.InitializationProvider"
270-->[androidx.emoji2:emoji2:1.3.0] AndroidManifest.xml:25:13-67
271            android:authorities="com.example.tenpm_hrm.androidx-startup"
271-->[androidx.emoji2:emoji2:1.3.0] AndroidManifest.xml:26:13-68
272            android:exported="false" >
272-->[androidx.emoji2:emoji2:1.3.0] AndroidManifest.xml:27:13-37
273            <meta-data
273-->[androidx.emoji2:emoji2:1.3.0] AndroidManifest.xml:29:13-31:52
274                android:name="androidx.emoji2.text.EmojiCompatInitializer"
274-->[androidx.emoji2:emoji2:1.3.0] AndroidManifest.xml:30:17-75
275                android:value="androidx.startup" />
275-->[androidx.emoji2:emoji2:1.3.0] AndroidManifest.xml:31:17-49
276            <meta-data
276-->[androidx.lifecycle:lifecycle-process:2.6.2] AndroidManifest.xml:29:13-31:52
277                android:name="androidx.lifecycle.ProcessLifecycleInitializer"
277-->[androidx.lifecycle:lifecycle-process:2.6.2] AndroidManifest.xml:30:17-78
278                android:value="androidx.startup" />
278-->[androidx.lifecycle:lifecycle-process:2.6.2] AndroidManifest.xml:31:17-49
279            <meta-data
279-->[androidx.profileinstaller:profileinstaller:1.3.1] AndroidManifest.xml:29:13-31:52
280                android:name="androidx.profileinstaller.ProfileInstallerInitializer"
280-->[androidx.profileinstaller:profileinstaller:1.3.1] AndroidManifest.xml:30:17-85
281                android:value="androidx.startup" />
281-->[androidx.profileinstaller:profileinstaller:1.3.1] AndroidManifest.xml:31:17-49
282        </provider>
283
284        <receiver
284-->[androidx.profileinstaller:profileinstaller:1.3.1] AndroidManifest.xml:34:9-52:20
285            android:name="androidx.profileinstaller.ProfileInstallReceiver"
285-->[androidx.profileinstaller:profileinstaller:1.3.1] AndroidManifest.xml:35:13-76
286            android:directBootAware="false"
286-->[androidx.profileinstaller:profileinstaller:1.3.1] AndroidManifest.xml:36:13-44
287            android:enabled="true"
287-->[androidx.profileinstaller:profileinstaller:1.3.1] AndroidManifest.xml:37:13-35
288            android:exported="true"
288-->[androidx.profileinstaller:profileinstaller:1.3.1] AndroidManifest.xml:38:13-36
289            android:permission="android.permission.DUMP" >
289-->[androidx.profileinstaller:profileinstaller:1.3.1] AndroidManifest.xml:39:13-57
290            <intent-filter>
290-->[androidx.profileinstaller:profileinstaller:1.3.1] AndroidManifest.xml:40:13-42:29
291                <action android:name="androidx.profileinstaller.action.INSTALL_PROFILE" />
291-->[androidx.profileinstaller:profileinstaller:1.3.1] AndroidManifest.xml:41:17-91
291-->[androidx.profileinstaller:profileinstaller:1.3.1] AndroidManifest.xml:41:25-88
292            </intent-filter>
293            <intent-filter>
293-->[androidx.profileinstaller:profileinstaller:1.3.1] AndroidManifest.xml:43:13-45:29
294                <action android:name="androidx.profileinstaller.action.SKIP_FILE" />
294-->[androidx.profileinstaller:profileinstaller:1.3.1] AndroidManifest.xml:44:17-85
294-->[androidx.profileinstaller:profileinstaller:1.3.1] AndroidManifest.xml:44:25-82
295            </intent-filter>
296            <intent-filter>
296-->[androidx.profileinstaller:profileinstaller:1.3.1] AndroidManifest.xml:46:13-48:29
297                <action android:name="androidx.profileinstaller.action.SAVE_PROFILE" />
297-->[androidx.profileinstaller:profileinstaller:1.3.1] AndroidManifest.xml:47:17-88
297-->[androidx.profileinstaller:profileinstaller:1.3.1] AndroidManifest.xml:47:25-85
298            </intent-filter>
299            <intent-filter>
299-->[androidx.profileinstaller:profileinstaller:1.3.1] AndroidManifest.xml:49:13-51:29
300                <action android:name="androidx.profileinstaller.action.BENCHMARK_OPERATION" />
300-->[androidx.profileinstaller:profileinstaller:1.3.1] AndroidManifest.xml:50:17-95
300-->[androidx.profileinstaller:profileinstaller:1.3.1] AndroidManifest.xml:50:25-92
301            </intent-filter>
302        </receiver>
303    </application>
304
305</manifest>
=======
11-->src\main\AndroidManifest.xml:5:5-79
11-->src\main\AndroidManifest.xml:5:22-76
12    <uses-permission android:name="android.permission.ACCESS_COARSE_LOCATION" />
12-->src\main\AndroidManifest.xml:6:5-81
12-->src\main\AndroidManifest.xml:6:22-78
13    <uses-permission android:name="android.permission.INTERNET" />
13-->src\main\AndroidManifest.xml:7:5-67
13-->src\main\AndroidManifest.xml:7:22-64
14
15    <permission
15-->[androidx.core:core:1.13.0] AndroidManifest.xml:22:5-24:47
16        android:name="com.example.tenpm_hrm.DYNAMIC_RECEIVER_NOT_EXPORTED_PERMISSION"
16-->[androidx.core:core:1.13.0] AndroidManifest.xml:23:9-81
17        android:protectionLevel="signature" />
17-->[androidx.core:core:1.13.0] AndroidManifest.xml:24:9-44
18
19    <uses-permission android:name="com.example.tenpm_hrm.DYNAMIC_RECEIVER_NOT_EXPORTED_PERMISSION" />
19-->[androidx.core:core:1.13.0] AndroidManifest.xml:26:5-97
19-->[androidx.core:core:1.13.0] AndroidManifest.xml:26:22-94
20
21    <application
21-->src\main\AndroidManifest.xml:9:5-287:19
22        android:allowBackup="true"
22-->src\main\AndroidManifest.xml:10:9-35
23        android:appComponentFactory="androidx.core.app.CoreComponentFactory"
23-->[androidx.core:core:1.13.0] AndroidManifest.xml:28:18-86
24        android:dataExtractionRules="@xml/data_extraction_rules"
24-->src\main\AndroidManifest.xml:11:9-65
25        android:debuggable="true"
26        android:extractNativeLibs="false"
27        android:fullBackupContent="@xml/backup_rules"
27-->src\main\AndroidManifest.xml:12:9-54
28        android:icon="@mipmap/ic_launcher"
28-->src\main\AndroidManifest.xml:13:9-43
29        android:label="@string/app_name"
29-->src\main\AndroidManifest.xml:14:9-41
30        android:roundIcon="@mipmap/ic_launcher_round"
30-->src\main\AndroidManifest.xml:15:9-54
31        android:supportsRtl="true"
31-->src\main\AndroidManifest.xml:16:9-35
32        android:testOnly="true"
33        android:theme="@style/Theme.TENPM_HRM" >
33-->src\main\AndroidManifest.xml:17:9-47
34        <activity
34-->src\main\AndroidManifest.xml:19:9-21:40
35            android:name="com.example.tenpm_hrm.ChangePassword"
35-->src\main\AndroidManifest.xml:20:13-43
36            android:exported="false" />
36-->src\main\AndroidManifest.xml:21:13-37
37        <activity
37-->src\main\AndroidManifest.xml:22:9-24:40
38            android:name="com.example.tenpm_hrm.OTP"
38-->src\main\AndroidManifest.xml:23:13-32
39            android:exported="false" />
39-->src\main\AndroidManifest.xml:24:13-37
40        <activity
40-->src\main\AndroidManifest.xml:25:9-27:40
41            android:name="com.example.tenpm_hrm.forgotPassword"
41-->src\main\AndroidManifest.xml:26:13-43
42            android:exported="false" />
42-->src\main\AndroidManifest.xml:27:13-37
43        <activity
43-->src\main\AndroidManifest.xml:28:9-30:40
44            android:name="com.example.tenpm_hrm.UpdateFacility"
44-->src\main\AndroidManifest.xml:29:13-43
45            android:exported="false" />
45-->src\main\AndroidManifest.xml:30:13-37
46        <activity
46-->src\main\AndroidManifest.xml:31:9-36:20
47            android:name="com.example.tenpm_hrm.AccountDetail"
47-->src\main\AndroidManifest.xml:32:13-42
48            android:exported="true" >
48-->src\main\AndroidManifest.xml:33:13-36
49        </activity>
50        <activity
50-->src\main\AndroidManifest.xml:37:9-45:20
51            android:name="com.example.tenpm_hrm.MainActivity"
51-->src\main\AndroidManifest.xml:38:13-41
52            android:exported="true" >
52-->src\main\AndroidManifest.xml:39:13-36
53            <intent-filter>
53-->src\main\AndroidManifest.xml:40:13-44:29
54                <action android:name="android.intent.action.MAIN" />
54-->src\main\AndroidManifest.xml:41:17-69
54-->src\main\AndroidManifest.xml:41:25-66
55
56                <category android:name="android.intent.category.LAUNCHER" />